0 info it worked if it ends with ok
1 verbose cli [ '/usr/bin/node', '/usr/bin/npm', 'publish' ]
2 info using npm@2.11.3
3 info using node@v0.12.7
4 verbose node symlink /usr/bin/node
5 verbose publish [ '.' ]
6 silly cache add args [ '.', null ]
7 verbose cache add spec .
8 silly cache add parsed spec { raw: '.',
8 silly cache add   scope: null,
8 silly cache add   name: null,
8 silly cache add   rawSpec: '.',
8 silly cache add   spec: '/projects/vrjs/trackr-key',
8 silly cache add   type: 'directory' }
9 verbose addLocalDirectory /home/sfrees/.npm/vrjs-trackr-key/0.0.2/package.tgz not in flight; packing
10 verbose tar pack [ '/home/sfrees/.npm/vrjs-trackr-key/0.0.2/package.tgz',
10 verbose tar pack   '/projects/vrjs/trackr-key' ]
11 verbose tarball /home/sfrees/.npm/vrjs-trackr-key/0.0.2/package.tgz
12 verbose folder /projects/vrjs/trackr-key
13 info prepublish vrjs-trackr-key@0.0.2
14 verbose addLocalTarball adding from inside cache /home/sfrees/.npm/vrjs-trackr-key/0.0.2/package.tgz
15 silly cache afterAdd vrjs-trackr-key@0.0.2
16 verbose afterAdd /home/sfrees/.npm/vrjs-trackr-key/0.0.2/package/package.json not in flight; writing
17 verbose afterAdd /home/sfrees/.npm/vrjs-trackr-key/0.0.2/package/package.json written
18 silly publish { name: 'vrjs-trackr-key',
18 silly publish   version: '0.0.2',
18 silly publish   description: 'keyboard tracker for vrjs',
18 silly publish   main: 'index.js',
18 silly publish   scripts: { test: 'echo "Error: no test specified" && exit 1' },
18 silly publish   author:
18 silly publish    { name: 'Scott Frees',
18 silly publish      email: 'scott.frees@gmail.com',
18 silly publish      url: 'http://scottfrees.com/' },
18 silly publish   license: 'MIT',
18 silly publish   repository:
18 silly publish    { type: 'git',
18 silly publish      url: 'git+https://github.com/vrjs/trackr-key.git' },
18 silly publish   keywords: [ 'vrjs' ],
18 silly publish   readme: '# vrjs-trackr-key\nThis is an npm module for the [vrjs]() framework that implements a standard tracker with keyboard controls.  The keyboard tracker has 10 channels/sensors that can be toggled, allowing an application to "track" up to ten different sensors.\n\n## Installation\n\n`npm install vrjs-trackr-key`\n\n## Usage\n\nKeypresses control the current position and orientation of the active sensor\n```\nx/X - moves the active sensor along the x axis\ny/Y - moves the active sensor along the y axis\nz/Z - moves the active sensor along the z axis\nj/J - rotates the active sensor around x axis\nn/N - rotates the active sensor around y axis\nh/H - rotates the active sensor around z axis\n[0-9] - sets the active sensor\n```\n\nIn your code, you can create a trackr object with the THREE object:\n\n```js\nvar keytrackr = require(\'vrjs-trackr-key\')\nvar trackr = keytrackr.make(THREE);\n```\n\nYou can add objects to sensors using the add method\n\n```js\ntrackr.add(object, sensor_number);\n```\n\nIn your animation loop, simply call the `poll` method and the module will automatically apply the sensor position and orientation to all tracked objects in the scene.\n\n```js\ntrackr.poll()\n```\n\nYou can apply optional positional offsets to the sensor and customized scalling using the `offset` and `scale` methods.  See source for details.\n\n\n',
18 silly publish   readmeFilename: 'readme.md',
18 silly publish   gitHead: '4e0038ad4464b89ddec6ab72b6469fec27c3bf2a',
18 silly publish   bugs: { url: 'https://github.com/vrjs/trackr-key/issues' },
18 silly publish   homepage: 'https://github.com/vrjs/trackr-key#readme',
18 silly publish   _id: 'vrjs-trackr-key@0.0.2',
18 silly publish   _shasum: 'a9e083c5b2111136094f3d016629b2afc98fa96e',
18 silly publish   _from: '.' }
19 verbose getPublishConfig undefined
20 silly mapToRegistry name vrjs-trackr-key
21 silly mapToRegistry using default registry
22 silly mapToRegistry registry https://registry.npmjs.org/
23 silly mapToRegistry uri https://registry.npmjs.org/vrjs-trackr-key
24 verbose publish registryBase https://registry.npmjs.org/
25 silly publish uploading /home/sfrees/.npm/vrjs-trackr-key/0.0.2/package.tgz
26 verbose request uri https://registry.npmjs.org/vrjs-trackr-key
27 verbose request sending authorization for write operation
28 info attempt registry request try #1 at 13:31:45
29 verbose request using bearer token for auth
30 verbose request id 1344fe2b09f379dc
31 http request PUT https://registry.npmjs.org/vrjs-trackr-key
32 http 403 https://registry.npmjs.org/vrjs-trackr-key
33 verbose headers { 'content-type': 'application/json',
33 verbose headers   'cache-control': 'max-age=60',
33 verbose headers   'content-length': '95',
33 verbose headers   'accept-ranges': 'bytes',
33 verbose headers   date: 'Wed, 15 Jul 2015 17:31:52 GMT',
33 verbose headers   via: '1.1 varnish',
33 verbose headers   connection: 'keep-alive',
33 verbose headers   'x-served-by': 'cache-jfk1021-JFK',
33 verbose headers   'x-cache': 'MISS',
33 verbose headers   'x-cache-hits': '0',
33 verbose headers   'x-timer': 'S1436981511.626468,VS0,VE995' }
34 verbose request invalidating /home/sfrees/.npm/registry.npmjs.org/vrjs-trackr-key on PUT
35 error publish Failed PUT 403
36 verbose stack Error: "You cannot publish over the previously published version 0.0.2." : vrjs-trackr-key
36 verbose stack     at CachingRegistryClient.<anonymous> (/usr/lib/node_modules/npm/node_modules/npm-registry-client/lib/request.js:247:14)
36 verbose stack     at Request._callback (/usr/lib/node_modules/npm/node_modules/npm-registry-client/lib/request.js:170:14)
36 verbose stack     at Request.self.callback (/usr/lib/node_modules/npm/node_modules/request/request.js:354:22)
36 verbose stack     at Request.emit (events.js:110:17)
36 verbose stack     at Request.<anonymous> (/usr/lib/node_modules/npm/node_modules/request/request.js:1207:14)
36 verbose stack     at Request.emit (events.js:129:20)
36 verbose stack     at IncomingMessage.<anonymous> (/usr/lib/node_modules/npm/node_modules/request/request.js:1153:12)
36 verbose stack     at IncomingMessage.emit (events.js:129:20)
36 verbose stack     at _stream_readable.js:908:16
36 verbose stack     at process._tickCallback (node.js:355:11)
37 verbose statusCode 403
38 verbose pkgid vrjs-trackr-key
39 verbose cwd /projects/vrjs/trackr-key
40 error Linux 3.13.0-37-generic
41 error argv "/usr/bin/node" "/usr/bin/npm" "publish"
42 error node v0.12.7
43 error npm  v2.11.3
44 error code E403
45 error "You cannot publish over the previously published version 0.0.2." : vrjs-trackr-key
46 error If you need help, you may report this error at:
46 error     <https://github.com/npm/npm/issues>
47 verbose exit [ 1, true ]
